Rscript data-raw/internal_data.R
pipette_invoking_protocol_IDs are 
1
3
4
6
7
10
11
12
13
15
16
17
18
19
20


hydrometer_invoking_protocol_IDs are 
2
5
8
9
19
21
22


dual_fines_method_invoking_protocol_IDs are 
19


fines_laser_diffraction_invoking_protocol_IDs are 

pretreatment_invoking_protocol_IDs are
3
6
fines_sub_bin_invoking_protocol_IDs are
1
3
6
13
15
16
17
18
19
20
21
22
coarse_sub_bin_invoking_protocol_IDs are
1
2
3
4
5
6
11
12
13
15
16
17
18
19
20
21
23
after_fines_sampling_wash_through_protocol_IDs are
7
8
9
15
16
17
19
20
21
22
after_fines_sampling_wash_through_protocol_IDs are
1
2
3
4
5
6
10
11
12
13
18
23
wash_through_protocol_IDs are
14
